Using pre-set license
Built from '2020.3/staging' branch; Version is '2020.3.8f1 (507919d4fff5) revision 5273881'; Using compiler version '192528614'; Build Type 'Release'
OS: 'Windows 10 Home; OS build 19042.1110; Version 2009; 64bit' Language: 'it' Physical Memory: 8078 MB
BatchMode: 1, IsHumanControllingUs: 0, StartBugReporterOnCrash: 0, Is64bit: 1, IsPro: 0

 COMMAND LINE ARGUMENTS:
D:\Programmi\EditorsUnity\2020.3.8f1\Editor\Unity.exe
-adb2
-batchMode
-noUpm
-name
AssetImportWorker0
-projectPath
D:/Progetti/Unity/stiltandgo/stiltandgo/StiltAndGo
-logFile
Logs/AssetImportWorker0.log
-srvPort
63546
Successfully changed project path to: D:/Progetti/Unity/stiltandgo/stiltandgo/StiltAndGo
D:/Progetti/Unity/stiltandgo/stiltandgo/StiltAndGo
Using Asset Import Pipeline V2.
Refreshing native plugins compatible for Editor in 83.62 ms, found 1 plugins.
Preloading 0 native plugins for Editor in 0.00 ms.
Initialize engine version: 2020.3.8f1 (507919d4fff5)
[Subsystems] Discovering subsystems at path D:/Programmi/EditorsUnity/2020.3.8f1/Editor/Data/Resources/UnitySubsystems
[Subsystems] Discovering subsystems at path D:/Progetti/Unity/stiltandgo/stiltandgo/StiltAndGo/Assets
GfxDevice: creating device client; threaded=0
Direct3D:
    Version:  Direct3D 11.0 [level 11.1]
    Renderer: Intel(R) UHD Graphics 620 (ID=0x3ea0)
    Vendor:   
    VRAM:     4039 MB
    Driver:   27.20.100.8935
Initialize mono
Mono path[0] = 'D:/Programmi/EditorsUnity/2020.3.8f1/Editor/Data/Managed'
Mono path[1] = 'D:/Programmi/EditorsUnity/2020.3.8f1/Editor/Data/MonoBleedingEdge/lib/mono/unityjit'
Mono config path = 'D:/Programmi/EditorsUnity/2020.3.8f1/Editor/Data/MonoBleedingEdge/etc'
Using monoOptions --debugger-agent=transport=dt_socket,embedding=1,server=y,suspend=n,address=127.0.0.1:56084
Begin MonoManager ReloadAssembly
Registering precompiled unity dll's ...
Register platform support module: D:/Programmi/EditorsUnity/2020.3.8f1/Editor/Data/PlaybackEngines/WebGLSupport/UnityEditor.WebGL.Extensions.dll
Register platform support module: D:/Programmi/EditorsUnity/2020.3.8f1/Editor/Data/PlaybackEngines/WindowsStandaloneSupport/UnityEditor.WindowsStandalone.Extensions.dll
Registered in 0.001272 seconds.
Native extension for WindowsStandalone target not found
Native extension for WebGL target not found
Refreshing native plugins compatible for Editor in 80.69 ms, found 1 plugins.
Preloading 0 native plugins for Editor in 0.00 ms.
Mono: successfully reloaded assembly
- Completed reload, in  1.762 seconds
Platform modules already initialized, skipping
Registering precompiled user dll's ...
Registered in 0.000716 seconds.
Begin MonoManager ReloadAssembly
Native extension for WindowsStandalone target not found
Native extension for WebGL target not found
Refreshing native plugins compatible for Editor in 39.22 ms, found 1 plugins.
Preloading 0 native plugins for Editor in 0.00 ms.
Mono: successfully reloaded assembly
- Completed reload, in  1.745 seconds
Platform modules already initialized, skipping
========================================================================
Worker process is ready to serve import requests
Launched and connected shader compiler UnityShaderCompiler.exe after 0.78 seconds
Refreshing native plugins compatible for Editor in 3.92 ms, found 1 plugins.
Preloading 0 native plugins for Editor in 0.00 ms.
Unloading 1861 Unused Serialized files (Serialized files now loaded: 0)
System memory in use before: 88.0 MB.
System memory in use after: 88.1 MB.

Unloading 19 unused Assets to reduce memory usage. Loaded Objects now: 2310.
Total: 47.157200 ms (FindLiveObjects: 5.812800 ms CreateObjectMapping: 1.257400 ms MarkObjects: 38.981700 ms  DeleteObjects: 0.646100 ms)

========================================================================
Received Import Request.
  path: Assets/Scripts/PanelController.cs
  artifactKey: Guid(a0b9c6b8b04181843ac4e22151b5a229) Importer(815301076,1909f56bfc062723c751e8b465ee728b)
Start importing Assets/Scripts/PanelController.cs using Guid(a0b9c6b8b04181843ac4e22151b5a229) Importer(815301076,1909f56bfc062723c751e8b465ee728b)  -> (artifact id: '0e0b9eda8be46936d13b9b24956db3ae') in 0.825972 seconds
  Import took 0.861756 seconds .

========================================================================
Received Prepare
Registering precompiled user dll's ...
Registered in 0.000738 seconds.
Begin MonoManager ReloadAssembly
Native extension for WindowsStandalone target not found
Native extension for WebGL target not found
Refreshing native plugins compatible for Editor in 0.41 ms, found 1 plugins.
Preloading 0 native plugins for Editor in 0.00 ms.
Mono: successfully reloaded assembly
- Completed reload, in  1.095 seconds
Platform modules already initialized, skipping
Refreshing native plugins compatible for Editor in 0.60 ms, found 1 plugins.
Preloading 0 native plugins for Editor in 0.00 ms.
Unloading 1838 Unused Serialized files (Serialized files now loaded: 0)
System memory in use before: 86.2 MB.
System memory in use after: 86.3 MB.

Unloading 7 unused Assets to reduce memory usage. Loaded Objects now: 2314.
Total: 2.673100 ms (FindLiveObjects: 0.370900 ms CreateObjectMapping: 0.102200 ms MarkObjects: 2.175500 ms  DeleteObjects: 0.022900 ms)

========================================================================
Received Import Request.
  Time since last request: 721.121034 seconds.
  path: Assets/Scripts/StartPanel.cs
  artifactKey: Guid(15731ae8c297dbd43a50e936bd5837f3) Importer(815301076,1909f56bfc062723c751e8b465ee728b)
Start importing Assets/Scripts/StartPanel.cs using Guid(15731ae8c297dbd43a50e936bd5837f3) Importer(815301076,1909f56bfc062723c751e8b465ee728b)  -> (artifact id: 'fef3da44d35a57756fc9ce9d5f9fdf8c') in 0.011689 seconds
  Import took 0.021257 seconds .

========================================================================
Received Import Request.
  Time since last request: 24.285185 seconds.
  path: Assets/Scripts/IPanel.cs
  artifactKey: Guid(f6b91222f4b44b8458940ea8ec7af1c3) Importer(815301076,1909f56bfc062723c751e8b465ee728b)
Start importing Assets/Scripts/IPanel.cs using Guid(f6b91222f4b44b8458940ea8ec7af1c3) Importer(815301076,1909f56bfc062723c751e8b465ee728b)  -> (artifact id: '95a47dcbb111e4394fa3fa1d24728e64') in 0.009522 seconds
  Import took 0.012782 seconds .

========================================================================
Received Prepare
Registering precompiled user dll's ...
Registered in 0.000791 seconds.
Begin MonoManager ReloadAssembly
Native extension for WindowsStandalone target not found
Native extension for WebGL target not found
Refreshing native plugins compatible for Editor in 0.42 ms, found 1 plugins.
Preloading 0 native plugins for Editor in 0.00 ms.
Mono: successfully reloaded assembly
- Completed reload, in  1.045 seconds
Platform modules already initialized, skipping
Refreshing native plugins compatible for Editor in 0.43 ms, found 1 plugins.
Preloading 0 native plugins for Editor in 0.00 ms.
Unloading 1839 Unused Serialized files (Serialized files now loaded: 0)
System memory in use before: 86.2 MB.
System memory in use after: 86.4 MB.

Unloading 7 unused Assets to reduce memory usage. Loaded Objects now: 2319.
Total: 2.129500 ms (FindLiveObjects: 0.215400 ms CreateObjectMapping: 0.059600 ms MarkObjects: 1.824700 ms  DeleteObjects: 0.028700 ms)

========================================================================
Received Prepare
Registering precompiled user dll's ...
Registered in 0.029892 seconds.
Begin MonoManager ReloadAssembly
Native extension for WindowsStandalone target not found
Native extension for WebGL target not found
Refreshing native plugins compatible for Editor in 0.34 ms, found 1 plugins.
Preloading 0 native plugins for Editor in 0.00 ms.
Mono: successfully reloaded assembly
- Completed reload, in  1.032 seconds
Platform modules already initialized, skipping
Refreshing native plugins compatible for Editor in 0.33 ms, found 1 plugins.
Preloading 0 native plugins for Editor in 0.00 ms.
Unloading 1839 Unused Serialized files (Serialized files now loaded: 0)
System memory in use before: 86.3 MB.
System memory in use after: 86.4 MB.

Unloading 7 unused Assets to reduce memory usage. Loaded Objects now: 2323.
Total: 2.018700 ms (FindLiveObjects: 0.183600 ms CreateObjectMapping: 0.051700 ms MarkObjects: 1.765900 ms  DeleteObjects: 0.016700 ms)

========================================================================
Received Import Request.
  Time since last request: 11539.780540 seconds.
  path: Assets/Scripts/GameState.cs
  artifactKey: Guid(8f0c3af446f65d141bf731f09934bd73) Importer(815301076,1909f56bfc062723c751e8b465ee728b)
Start importing Assets/Scripts/GameState.cs using Guid(8f0c3af446f65d141bf731f09934bd73) Importer(815301076,1909f56bfc062723c751e8b465ee728b)  -> (artifact id: '5d9a6449ac72275d03284f2e2c9fefcf') in 0.036844 seconds
  Import took 0.041003 seconds .

========================================================================
Received Prepare
Registering precompiled user dll's ...
Registered in 0.000702 seconds.
Begin MonoManager ReloadAssembly
Native extension for WindowsStandalone target not found
Native extension for WebGL target not found
Refreshing native plugins compatible for Editor in 0.62 ms, found 1 plugins.
Preloading 0 native plugins for Editor in 0.00 ms.
Mono: successfully reloaded assembly
- Completed reload, in  1.152 seconds
Platform modules already initialized, skipping
Refreshing native plugins compatible for Editor in 0.58 ms, found 1 plugins.
Preloading 0 native plugins for Editor in 0.00 ms.
Unloading 1840 Unused Serialized files (Serialized files now loaded: 0)
System memory in use before: 86.3 MB.
System memory in use after: 86.4 MB.

Unloading 7 unused Assets to reduce memory usage. Loaded Objects now: 2328.
Total: 3.786100 ms (FindLiveObjects: 0.332700 ms CreateObjectMapping: 0.136300 ms MarkObjects: 3.275100 ms  DeleteObjects: 0.039600 ms)

========================================================================
Received Import Request.
  Time since last request: 14.947846 seconds.
  path: Assets/Scripts/IPanel.cs
  artifactKey: Guid(f6b91222f4b44b8458940ea8ec7af1c3) Importer(815301076,1909f56bfc062723c751e8b465ee728b)
Start importing Assets/Scripts/IPanel.cs using Guid(f6b91222f4b44b8458940ea8ec7af1c3) Importer(815301076,1909f56bfc062723c751e8b465ee728b)  -> (artifact id: 'a8d9ac68b62b2ec604db2f52c3cfe645') in 0.007427 seconds
  Import took 0.012628 seconds .

========================================================================
Received Import Request.
  Time since last request: 4.592551 seconds.
  path: Assets/Scripts/IPanel.cs
  artifactKey: Guid(f6b91222f4b44b8458940ea8ec7af1c3) Importer(815301076,1909f56bfc062723c751e8b465ee728b)
Start importing Assets/Scripts/IPanel.cs using Guid(f6b91222f4b44b8458940ea8ec7af1c3) Importer(815301076,1909f56bfc062723c751e8b465ee728b)  -> (artifact id: 'a8d9ac68b62b2ec604db2f52c3cfe645') in 0.002213 seconds
  Import took 0.006031 seconds .

========================================================================
Received Import Request.
  Time since last request: 3.588437 seconds.
  path: Assets/Scripts/Panel.cs
  artifactKey: Guid(f6b91222f4b44b8458940ea8ec7af1c3) Importer(815301076,1909f56bfc062723c751e8b465ee728b)
Start importing Assets/Scripts/Panel.cs using Guid(f6b91222f4b44b8458940ea8ec7af1c3) Importer(815301076,1909f56bfc062723c751e8b465ee728b)  -> (artifact id: '533addefa2c574d250cd7d1f51c1dcbe') in 0.007827 seconds
  Import took 0.011756 seconds .

========================================================================
Received Prepare
Registering precompiled user dll's ...
Registered in 0.000957 seconds.
Begin MonoManager ReloadAssembly
Native extension for WindowsStandalone target not found
Native extension for WebGL target not found
Refreshing native plugins compatible for Editor in 0.55 ms, found 1 plugins.
Preloading 0 native plugins for Editor in 0.00 ms.
Mono: successfully reloaded assembly
- Completed reload, in  1.758 seconds
Platform modules already initialized, skipping
Refreshing native plugins compatible for Editor in 0.50 ms, found 1 plugins.
Preloading 0 native plugins for Editor in 0.00 ms.
Unloading 1840 Unused Serialized files (Serialized files now loaded: 0)
System memory in use before: 86.3 MB.
System memory in use after: 86.4 MB.

Unloading 7 unused Assets to reduce memory usage. Loaded Objects now: 2332.
Total: 2.876800 ms (FindLiveObjects: 0.317700 ms CreateObjectMapping: 0.127000 ms MarkObjects: 2.403200 ms  DeleteObjects: 0.027200 ms)

========================================================================
Received Prepare
Registering precompiled user dll's ...
Registered in 0.001439 seconds.
Begin MonoManager ReloadAssembly
Native extension for WindowsStandalone target not found
Native extension for WebGL target not found
Refreshing native plugins compatible for Editor in 1.09 ms, found 1 plugins.
Preloading 0 native plugins for Editor in 0.00 ms.
Mono: successfully reloaded assembly
- Completed reload, in  1.892 seconds
Platform modules already initialized, skipping
Refreshing native plugins compatible for Editor in 0.53 ms, found 1 plugins.
Preloading 0 native plugins for Editor in 0.00 ms.
Unloading 1840 Unused Serialized files (Serialized files now loaded: 0)
System memory in use before: 86.3 MB.
System memory in use after: 86.4 MB.

Unloading 7 unused Assets to reduce memory usage. Loaded Objects now: 2336.
Total: 3.567200 ms (FindLiveObjects: 0.312900 ms CreateObjectMapping: 0.142500 ms MarkObjects: 3.067500 ms  DeleteObjects: 0.041300 ms)

AssetImportWorkerClient::OnTransportError - code=2 error=End of file
